<?xml version="1.0" encoding="UTF-8"?>
<testsuite name="aaravgupta.youtubesdk.CoreTests" tests="4" skipped="0" failures="0" errors="0" timestamp="2026-03-31T18:23:20.036Z" hostname="Aaravs-MacBook-Pro.local" time="0.014">
  <properties/>
  <testcase name="contextGeneration" classname="aaravgupta.youtubesdk.CoreTests" time="0.008"/>
  <testcase name="searchResultSkipsUnsupportedItems" classname="aaravgupta.youtubesdk.CoreTests" time="0.002"/>
  <testcase name="chartsAnalyticsContextContract" classname="aaravgupta.youtubesdk.CoreTests" time="0.0"/>
  <testcase name="searchResultParsesFromSupportedItems" classname="aaravgupta.youtubesdk.CoreTests" time="0.0"/>
  <system-out><![CDATA[]]></system-out>
  <system-err><![CDATA[]]></system-err>
</testsuite>
